<?xml version="1.0" encoding="UTF-8"?>
<!-- Generated by org.testng.reporters.JUnitReportReporter -->
<testsuite hostname="INGUR1N1602" failures="0" tests="1" name="com.cermati.assignment.test.scenario2" time="6.884" errors="0" timestamp="2023-11-01T14:16:03 IST" skipped="0">
  <testcase classname="com.cermati.assignment.test.scenario2" name="accessProductViaSearch" time="6.884"/>
  <system-out/>
</testsuite> <!-- com.cermati.assignment.test.scenario2 -->
